20190924:09:47:02 close_write: measuresure2.db
20190924:09:47:03 close_write: measuresure2.db
20190924:09:57:50 close_write: measuresure3.db
20190924:09:57:50 close_write: measuresure3.db
20190924:10:08:15 close_write: measuresure4.db
20190924:10:08:15 close_write: measuresure4.db
20190924:10:10:47 close_write: measuresure5.db
20190924:10:10:48 close_write: measuresure5.db
20190924:10:16:06 close_write: measuresure6.db
20190924:10:16:06 close_write: measuresure6.db
20190924:10:17:39 close_write: measuresure7.db
20190924:10:17:39 close_write: measuresure7.db
20190924:10:20:25 close_write: measuresure2_rmJDyqh.db
20190924:10:20:25 close_write: measuresure2_rmJDyqh.db
20190924:10:29:38 close_write: measuresure2_Gg9ARuj.db
20190924:10:29:38 close_write: measuresure2_Gg9ARuj.db
20190924:10:33:01 close_write: measuresure2.db
20190924:10:33:01 close_write: measuresure2.db
20190924:10:34:36 close_write: measuresure2.db
20190924:10:34:36 close_write: measuresure2.db
20190924:10:37:37 close_write: measuresure3.db
20190924:10:37:37 close_write: measuresure3.db
20190924:10:38:14 close_write: measuresure3_o4xfxzN.db
20190924:10:38:14 close_write: measuresure3_o4xfxzN.db
20190924:10:42:52 close_write: measuresure3_JB4E1Lr.db
20190924:10:42:53 close_write: measuresure3_JB4E1Lr.db
20190924:11:03:58 close_write: measures_L9Gm7Ww.db
20190924:11:03:59 close_write: measures_L9Gm7Ww.db
20190924:11:05:34 close_write: measuresure3.db
20190924:11:05:34 close_write: measuresure3.db
20190924:12:34:51 close_write: measuresure4.db
20190924:12:34:52 close_write: measuresure4.db
