{ Using PSTWRITER 17.2.0 d001Dec-28-2016 at 16:10:03 }

#1 WARNING(ORCAP-36050): No pins are present in A2. Ignoring this component in netlist.
#2 WARNING(ORCAP-36050): No pins are present in A3. Ignoring this component in netlist.
#3 WARNING(ORCAP-36050): No pins are present in A1. Ignoring this component in netlist.
#4 WARNING(ORCAP-36006): Part Name "IRIDIUM MODULE STANDOFF_NA_IRIDIUM MODULE STANDOFF" is renamed to "IRIDIUM MODULE STANDOFF_NA_IRID".
#5 WARNING(ORCAP-36006): Part Name "IRIDIUM MODULE STANDOFF__IRIDIUM MODULE STANDOFF" is renamed to "IRIDIUM MODULE STANDOFF__IRIDIU".
#6 WARNING(ORCAP-36006): Part Name "IRIDIUM MODULE STANDOFF__IRIDIUM MODULE" is renamed to "IRIDIUM MODULE STANDOFF__IRID_1".
#7 WARNING(ORCAP-36006): Part Name "CAP_CER_0.1UF_10V_10%_X5R_0402_CC0402_0.1UF_0.1UF" is renamed to "CAP_CER_0.1UF_10V_10%_X5R_0402_".
#8 WARNING(ORCAP-36006): Part Name "CAP_CER_33PF_50V_5%_X7R_0402_C0402_33PF" is renamed to "CAP_CER_33PF_50V_5%_X7R_0402_C0".
#9 WARNING(ORCAP-36006): Part Name "CAPN#4_SMC0402A_0.1UF_G41157-001" is renamed to "CAPN#4_SMC0402A_0.1UF_G41157-00".
#10 WARNING(ORCAP-36006): Part Name "CAPN#1_SMC0402A_1000PF_A36096-046" is renamed to "CAPN#1_SMC0402A_1000PF_A36096-0".
#11 WARNING(ORCAP-36006): Part Name "CAP_CER_22UF_1210_25V_C0402_22PF" is renamed to "CAP_CER_22UF_1210_25V_C0402_22P".
#12 WARNING(ORCAP-36006): Part Name "CAP CER 0.1UF 25V 10% X7R 0402_C0402_0.1UF" is renamed to "CAP CER 0.1UF 25V 10% X7R 0402_".
#13 WARNING(ORCAP-36006): Part Name "CAP_CER_0.1UF_0402_25V_C0402_0.1UF" is renamed to "CAP_CER_0.1UF_0402_25V_C0402_0.".
#14 WARNING(ORCAP-36006): Part Name "CAP_CER_1UF_16V_10%_X6S_0402_C0402_1UF" is renamed to "CAP_CER_1UF_16V_10%_X6S_0402_C0".
#15 WARNING(ORCAP-36006): Part Name "DIODE_SCHOTTKY_30V_0.2A SOD523_SODFL3517X110N_NXP_AEE_PMEG3010ER,115" is renamed to "DIODE_SCHOTTKY_30V_0.2A SOD523_".
#16 WARNING(ORCAP-36006): Part Name "EJTAG HEADER_3_MODULE_IRIDIUM-9603_SS4-10-3.50-L-D-K-TR" is renamed to "EJTAG HEADER_3_MODULE_IRIDIUM-9".
#17 WARNING(ORCAP-36006): Part Name "QMS-026-05.75-L-D-RF1_QMS-026-05P75-L-D-RF1_QMS-026-05.75-L-D-RF1 " is renamed to "QMS-026-05.75-L-D-RF1_QMS-026-0".
#18 WARNING(ORCAP-36006): Part Name "U.FL-R-SMT-1_UFL-R-SMT-1_U.FL-R-SMT-1" is renamed to "U.FL-R-SMT-1_UFL-R-SMT-1_U.FL-R".
#19 WARNING(ORCAP-36006): Part Name "INDUCTOR_2.8UH_WURTH_744777910_3.3UH_?" is renamed to "INDUCTOR_2.8UH_WURTH_744777910_".
#20 WARNING(ORCAP-36006): Part Name "INDUCTOR_6.8NH_300MA_0402_L0402_6.8NH" is renamed to "INDUCTOR_6.8NH_300MA_0402_L0402".
#21 WARNING(ORCAP-36006): Part Name "MOUNTING_HOLE_0_MTG370X800_MOUNTING_HOLE" is renamed to "MOUNTING_HOLE_0_MTG370X800_MOUN".
#22 WARNING(ORCAP-36006): Part Name "MOUNTING_HOLE_0_M2_SPACER_MOUNTING_HOLE" is renamed to "MOUNTING_HOLE_0_M2_SPACER_MOUNT".
#23 WARNING(ORCAP-36006): Part Name "RES_0.0_OHM_1/16W_0402_SMD_RC0402_0_?" is renamed to "RES_0.0_OHM_1/16W_0402_SMD_RC04".
#24 WARNING(ORCAP-36006): Part Name "RES_100K_1/16W_5%_0402_SMD_1_R0402_200_?" is renamed to "RES_100K_1/16W_5%_0402_SMD_1_R0".
#25 WARNING(ORCAP-36006): Part Name "RESISTOR_0OHM_0402_100MW_R0402_0OHM" is renamed to "RESISTOR_0OHM_0402_100MW_R0402_".
#26 WARNING(ORCAP-36006): Part Name "RES SMD 100K OHM 1% 1/16W 0402_R0402_100K" is renamed to "RES SMD 100K OHM 1% 1/16W 0402_".
#27 WARNING(ORCAP-36006): Part Name "RES_1.0_OHM_1/16W_0402_SMD_RC0402_0_?" is renamed to "RES_1.0_OHM_1/16W_0402_SMD_RC04".
#28 WARNING(ORCAP-36006): Part Name "RES_0.0_OHM_1/16W_0402_SMD_R0603_0_?" is renamed to "RES_0.0_OHM_1/16W_0402_SMD_R060".
#29 WARNING(ORCAP-36030): Value of Property "DEVICE" missing from instance R50: opencellular_coonect1_sync, 08_UART ISOLATION (6.10, 8.30).
#30 WARNING(ORCAP-36006): Part Name "100K-1/16W-5%-0603_0_RC0402_100K_?" is renamed to "100K-1/16W-5%-0603_0_RC0402_100".
#31 WARNING(ORCAP-36006): Part Name "RES_1.0_OHM_1/16W_0402_SMD_RC0402_100K_?" is renamed to "RES_1.0_OHM_1/16W_0402_SMD_RC_1".
#32 WARNING(ORCAP-36006): Part Name "RES_1.0_OHM_1/16W_0402_SMD_RC0402_12K_?" is renamed to "RES_1.0_OHM_1/16W_0402_SMD_RC_2".
#33 WARNING(ORCAP-36006): Part Name "NL17SZ126_1_SOT23_5_74LVC1G125GV,125" is renamed to "NL17SZ126_1_SOT23_5_74LVC1G125G".
#34 WARNING(ORCAP-36006): Part Name "XR20M1170_0_TSSOP65P640X120-24N_XR20M1170" is renamed to "XR20M1170_0_TSSOP65P640X120-24N".
#35 WARNING(ORCAP-36006): Part Name "SKY13330-397LF_QFN50P200X200X65-13N_AEE_SKY13330-397LF" is renamed to "SKY13330-397LF_QFN50P200X200X65".
#36 WARNING(ORCAP-36006): Part Name " LTE-LITE_0_MODULE_LTE-LITE_ LTE-LITE" is renamed to "LTE-LITE_0_MODULE_LTE-LITE_ LT".
#37 WARNING(ORCAP-36006): Part Name "ADT7481_SSOP10_5MM_ADT7481_D14177-001" is renamed to "ADT7481_SSOP10_5MM_ADT7481_D141".
#38 WARNING(ORCAP-36006): Part Name "SN74AVC4T774RGYR_2_VQFN50P400X350X100-17N_TI_SN74AVC4T774RGYR" is renamed to "SN74AVC4T774RGYR_2_VQFN50P400X3".
#39 WARNING(ORCAP-36006): Part Name "LT8610EMSE-EMSE16_0_QFN50P300X400X80-20N_LT8640EUDC" is renamed to "LT8610EMSE-EMSE16_0_QFN50P300X4".
#40 WARNING(ORCAP-36006): Part Name "MM8430-2610_SMA_MM8430-2610_MM8430-2610" is renamed to "MM8430-2610_SMA_MM8430-2610_MM8".
#41 WARNING(ORCAP-36006): Part Name "SN74AVC1T45DRLR_SN74AVC1T45DRLR_SN74AVC1T45DRLR" is renamed to "SN74AVC1T45DRLR_SN74AVC1T45DRLR".
#42 WARNING(ORCAP-36006): Part Name "XTAL_4P_1_XTAL_NX3225GA_ABM8G-14.7456MHZ" is renamed to "XTAL_4P_1_XTAL_NX3225GA_ABM8G-1".
INFO(ORCAP-36080): Scanning netlist files ...

Loading... D:\OPEN_CELLULAR_LIFE3\RF_SDR_LIFE3\RF_SDR_REVC\Release files\SYNC\release\SYNC_de28\Netlist/pstchip.dat

Loading... D:\OPEN_CELLULAR_LIFE3\RF_SDR_LIFE3\RF_SDR_REVC\Release files\SYNC\release\SYNC_de28\Netlist/pstchip.dat

Loading... D:\OPEN_CELLULAR_LIFE3\RF_SDR_LIFE3\RF_SDR_REVC\Release files\SYNC\release\SYNC_de28\Netlist/pstxprt.dat

Loading... D:\OPEN_CELLULAR_LIFE3\RF_SDR_LIFE3\RF_SDR_REVC\Release files\SYNC\release\SYNC_de28\Netlist/pstxnet.dat
packaging the design view...