{ Using PSTWRITER 17.2.0 d001Dec-26-2016 at 14:48:03 }

#1 WARNING(ORCAP-36038): "No_connect" property on Pin "U7.22" ignored for U7: OpenCellular_Connect1, PAGE 39 : 2G MODULE_1 (135.89, 44.45). Connecting pin to net "RTIVA_MODULE_UART1_RIN".
#2 WARNING(ORCAP-36038): "No_connect" property on Pin "U7.37" ignored for U7: OpenCellular_Connect1, PAGE 39 : 2G MODULE_1 (135.89, 44.45). Connecting pin to net "N19561861".
#3 WARNING(ORCAP-36038): "No_connect" property on Pin "U7.14" ignored for U7: OpenCellular_Connect1, PAGE 39 : 2G MODULE_1 (135.89, 44.45). Connecting pin to net "MODULE_PWR_ON".
#4 WARNING(ORCAP-36006): Part Name "YAT-10+_SON65P200X200X85-7N_A_YAT10" is renamed to "YAT-10+_SON65P200X200X85-7N_A_Y".
#5 WARNING(ORCAP-36006): Part Name "CAP CER 1000PF 16V X7R 0201_C0201_1000PF" is renamed to "CAP CER 1000PF 16V X7R 0201_C02".
#6 WARNING(ORCAP-36006): Part Name "CAP_CER_100NF_0201_25V_C0201_100NF" is renamed to "CAP_CER_100NF_0201_25V_C0201_10".
#7 WARNING(ORCAP-36006): Part Name "CAP_P_CAPMP7343X200N_VS_1000UF_G21397-001" is renamed to "CAP_P_CAPMP7343X200N_VS_1000UF_".
#8 WARNING(ORCAP-36006): Part Name "CAP_CER_0.1UF_10V_10%_X5R_0402_CC0402_33PF_?" is renamed to "CAP_CER_0.1UF_10V_10%_X5R_0402_".
#9 WARNING(ORCAP-36006): Part Name "CAP_CER_10NF_0603_16V_C0603_10000PF" is renamed to "CAP_CER_10NF_0603_16V_C0603_100".
#10 WARNING(ORCAP-36006): Part Name "CAP_CER_0.1UF_10V_10%_X5R_0402_CC0402_0.1UF_0.1UF" is renamed to "CAP_CER_0.1UF_10V_10%_X5R_040_1".
#11 WARNING(ORCAP-36006): Part Name "CAP_CER_0.1UF_0402_25V_C0402_0.1UF" is renamed to "CAP_CER_0.1UF_0402_25V_C0402_0.".
#12 WARNING(ORCAP-36006): Part Name "CAP_CER_10UF_0603_16V_C0603_10UF" is renamed to "CAP_CER_10UF_0603_16V_C0603_10U".
#13 WARNING(ORCAP-36006): Part Name "CAP_CER_0.1UF_10V_10%_X5R_0402_C0805_10UF_GRM21BC81E106ME51L" is renamed to "CAP_CER_0.1UF_10V_10%_X5R_040_2".
#14 WARNING(ORCAP-36006): Part Name "CAP_CER_0.1UF_10V_10%_X5R_0402_CC1210_10UF_0.1UF" is renamed to "CAP_CER_0.1UF_10V_10%_X5R_040_3".
#15 WARNING(ORCAP-36006): Part Name "CAPN#2_SMC0402A_0.1UF_G41157-001" is renamed to "CAPN#2_SMC0402A_0.1UF_G41157-00".
#16 WARNING(ORCAP-36006): Part Name "CAP CER 4.7UF 16V X5R 0603_C0805_4.7UF" is renamed to "CAP CER 4.7UF 16V X5R 0603_C080".
#17 WARNING(ORCAP-36006): Part Name "CAP CER 0.1UF 25V 10% X7R 0402_C0402_0.1UF" is renamed to "CAP CER 0.1UF 25V 10% X7R 0402_".
#18 WARNING(ORCAP-36006): Part Name "CAP_CER_10PF_0402_16V_C0402_10PF" is renamed to "CAP_CER_10PF_0402_16V_C0402_10P".
#19 WARNING(ORCAP-36006): Part Name "CAP_CER_33PF_50V_5%_X7R_0402_C0402_33PF" is renamed to "CAP_CER_33PF_50V_5%_X7R_0402_C0".
#20 WARNING(ORCAP-36006): Part Name "CAP_CER_2.2UF_0402_16V_C0402_2.2UF" is renamed to "CAP_CER_2.2UF_0402_16V_C0402_2.".
#21 WARNING(ORCAP-36006): Part Name "CAP_CER_3.3PF_0402_25V_C0402_3.3PF" is renamed to "CAP_CER_3.3PF_0402_25V_C0402_3.".
#22 WARNING(ORCAP-36006): Part Name "CAP_CER_0.5PF_0402_16V_C0402_0.5PF" is renamed to "CAP_CER_0.5PF_0402_16V_C0402_0.".
#23 WARNING(ORCAP-36006): Part Name "CAP_CER_100PF_0201_16V_C0201_100PF" is renamed to "CAP_CER_100PF_0201_16V_C0201_10".
#24 WARNING(ORCAP-36006): Part Name "CAP_CER_100PF_0402_25V_C0402_100PF" is renamed to "CAP_CER_100PF_0402_25V_C0402_10".
#25 WARNING(ORCAP-36006): Part Name "CAP_CER_2.7PF_0402_25V_C0402_2.7PF" is renamed to "CAP_CER_2.7PF_0402_25V_C0402_2.".
#26 WARNING(ORCAP-36006): Part Name "CAP_CER_0.1UF_0201_16V_C0201_0.1UF" is renamed to "CAP_CER_0.1UF_0201_16V_C0201_0.".
#27 WARNING(ORCAP-36006): Part Name "CAP CER 6.8PF 16V NP0 0402_C0402_12PF" is renamed to "CAP CER 6.8PF 16V NP0 0402_C040".
#28 WARNING(ORCAP-36006): Part Name "CAP_CER_33PF_50V_5%_X7R_0402_C0402_100PF" is renamed to "CAP_CER_33PF_50V_5%_X7R_0402__1".
#29 WARNING(ORCAP-36006): Part Name "CAP_CER_10UF_1210_50V_CAPC3225X270N_10UF" is renamed to "CAP_CER_10UF_1210_50V_CAPC3225X".
#30 WARNING(ORCAP-36006): Part Name "CAP_CER_1UF_16V_10%_X6S_0402_C0402_1UF" is renamed to "CAP_CER_1UF_16V_10%_X6S_0402_C0".
#31 WARNING(ORCAP-36006): Part Name "CAP_CER_22UF_1210_25V_CC1210_22UF" is renamed to "CAP_CER_22UF_1210_25V_CC1210_22".
#32 WARNING(ORCAP-36006): Part Name "CAP_POL_47UF_1206_6.3V_C1206_47UF" is renamed to "CAP_POL_47UF_1206_6.3V_C1206_47".
#33 WARNING(ORCAP-36006): Part Name "CAP_CER_10PF_0402_50V_C0402_10PF" is renamed to "CAP_CER_10PF_0402_50V_C0402_10P".
#34 WARNING(ORCAP-36006): Part Name "CAP_CER_22UF_16V_10%_X6S_1206_C1206_22UF" is renamed to "CAP_CER_22UF_16V_10%_X6S_1206_C".
#35 WARNING(ORCAP-36006): Part Name "CAP CER 4.7UF 16V X5R 0603_C0603_4.7UF" is renamed to "CAP CER 4.7UF 16V X5R 0603_C060".
#36 WARNING(ORCAP-36006): Part Name "CAP_CER_10NF_0402_16V_C0402_10000PF" is renamed to "CAP_CER_10NF_0402_16V_C0402_100".
#37 WARNING(ORCAP-36006): Part Name "CAP CER 4.7UF 16V X7R 0805_C0805_4.7UF" is renamed to "CAP CER 4.7UF 16V X7R 0805_C080".
#38 WARNING(ORCAP-36006): Part Name "CAP CER 0.1UF 25V 10% X7R 0402_C0603_10UF" is renamed to "CAP CER 0.1UF 25V 10% X7R 040_1".
#39 WARNING(ORCAP-36006): Part Name "CAP_CER_33PF_50V_5%_X7R_0402_C0402_20PF" is renamed to "CAP_CER_33PF_50V_5%_X7R_0402__2".
#40 WARNING(ORCAP-36006): Part Name "CAP_CER_33PF_50V_5%_X7R_0402_C0402_68PF" is renamed to "CAP_CER_33PF_50V_5%_X7R_0402__3".
#41 WARNING(ORCAP-36006): Part Name "CAP_CER_33PF_50V_5%_X7R_0402_C0402_1000PF" is renamed to "CAP_CER_33PF_50V_5%_X7R_0402__4".
#42 WARNING(ORCAP-36006): Part Name "CAP_CER_33PF_50V_5%_X7R_0402_C0402_1.8PF" is renamed to "CAP_CER_33PF_50V_5%_X7R_0402__5".
#43 WARNING(ORCAP-36006): Part Name "CAP_CER_18PF_0402_25V_C0402_18PF" is renamed to "CAP_CER_18PF_0402_25V_C0402_18P".
#44 WARNING(ORCAP-36006): Part Name "CAP_CER_0.1UF_0402_25V_C0402_1000PF" is renamed to "CAP_CER_0.1UF_0402_25V_C0402_10".
#45 WARNING(ORCAP-36006): Part Name "UFLR_0_19S101-40ML5_19S101-40ML5" is renamed to "UFLR_0_19S101-40ML5_19S101-40ML".
#46 WARNING(ORCAP-36006): Part Name "BZX84C3V0/SOT_3_B530C_13_F_B530C-13-F" is renamed to "BZX84C3V0/SOT_3_B530C_13_F_B530".
#47 WARNING(ORCAP-36006): Part Name "FAR-F6KA-1G9500-D4DG_FLT_FAR-F6KA-1G5754-L4AJ_FAR-F6KA-1G7475-D4CY" is renamed to "FAR-F6KA-1G9500-D4DG_FLT_FAR-F6".
#48 WARNING(ORCAP-36006): Part Name "FAR-F6KA-1G8800-L4AF_FIL_FAR-F5KA-836M50-D4DF_FAR-F6KA-1G8800-L4AF" is renamed to "FAR-F6KA-1G8800-L4AF_FIL_FAR-F5".
#49 WARNING(ORCAP-36006): Part Name "FAR-F5KA-836M50-D4DF_FIL_FAR-F5KA-836M50-D4DF_FAR-F5KA-836M50-D4DF" is renamed to "FAR-F5KA-836M50-D4DF_FIL_FAR-F5".
#50 WARNING(ORCAP-36006): Part Name "FAR-F5KA-897M50-D4DC_FIL_FAR-F5KA-836M50-D4DF_FAR-F5KA-897M50-D4DC" is renamed to "FAR-F5KA-897M50-D4DC_FIL_FAR-F5".
#51 WARNING(ORCAP-36006): Part Name "DUPLEXER_BAND3_UPD003A_FIL_UPD003A_SM_UPD003A" is renamed to "DUPLEXER_BAND3_UPD003A_FIL_UPD0".
#52 WARNING(ORCAP-36006): Part Name "DUPLEXER_BAND2_UPD002A_FIL_UPD002A_SM_UPD002A" is renamed to "DUPLEXER_BAND2_UPD002A_FIL_UPD0".
#53 WARNING(ORCAP-36006): Part Name "DUPLEXER_BAND5_CER0207A_FIL_CER0207A_CER0207A" is renamed to "DUPLEXER_BAND5_CER0207A_FIL_CER".
#54 WARNING(ORCAP-36006): Part Name "DUPLEXER_BAND8_CER0574A_FIL_CER0574A_CER0574A" is renamed to "DUPLEXER_BAND8_CER0574A_FIL_CER".
#55 WARNING(ORCAP-36006): Part Name "FAR-F5KA-836M50-D4DF_FIL_FAR-F5KA-836M50-D4DF_FAR-F5KA-836M50-D4DF-Z" is renamed to "FAR-F5KA-836M50-D4DF_FIL_FAR-_1".
#56 WARNING(ORCAP-36006): Part Name "SAFFB942MAN0F0A_FIL_SAFFB942MAN0F0A_SAFFB942MAN0F0A" is renamed to "SAFFB942MAN0F0A_FIL_SAFFB942MAN".
#57 WARNING(ORCAP-36006): Part Name "SAFFB1G84AB0F0A_FIL_SAFFB1G84AB0F0A_SAFFB1G84AB0F0A" is renamed to "SAFFB1G84AB0F0A_FIL_SAFFB1G84AB".
#58 WARNING(ORCAP-36006): Part Name "SAYEY897MBC0B0A_FIL_SAYEY897MBC0B0A_SAYEY897MBC0B0A" is renamed to "SAYEY897MBC0B0A_FIL_SAYEY897MBC".
#59 WARNING(ORCAP-36006): Part Name "ANTENNA CONNECTOR_QMA_28K50A-40ML5_28K50A-40ML5" is renamed to "ANTENNA CONNECTOR_QMA_28K50A-40".
#60 WARNING(ORCAP-36006): Part Name "CONNECTOR_CONN_76450-3607_CONNECTOR" is renamed to "CONNECTOR_CONN_76450-3607_CONNE".
#61 WARNING(ORCAP-36006): Part Name "SIM CONNECTOR_2_JAE_SF56S006V4BR2000_SIM CONNECTOR" is renamed to "SIM CONNECTOR_2_JAE_SF56S006V4B".
#62 WARNING(ORCAP-36006): Part Name "INDUCTOR_2.8UH_WURTH_744777910_2.2UH_?" is renamed to "INDUCTOR_2.8UH_WURTH_744777910_".
#63 WARNING(ORCAP-36006): Part Name "INDUCTOR_150NH_150MA_0603_L0603_150NH" is renamed to "INDUCTOR_150NH_150MA_0603_L0603".
#64 WARNING(ORCAP-36006): Part Name "INDUCTOR_18NH_300MA_0402_L0402_18NH" is renamed to "INDUCTOR_18NH_300MA_0402_L0402_".
#65 WARNING(ORCAP-36006): Part Name "FIXED IND 4.7NH 400MA 280 MOHM_L0402_4.7NH" is renamed to "FIXED IND 4.7NH 400MA 280 MOHM_".
#66 WARNING(ORCAP-36006): Part Name "FIXED IND 3.3NH 300MA 190 MOHM_L0402_3.3NH" is renamed to "FIXED IND 3.3NH 300MA 190 MOHM_".
#67 WARNING(ORCAP-36006): Part Name "INDUCTOR_15NH_250MA_0402_L0402_15NH" is renamed to "INDUCTOR_15NH_250MA_0402_L0402_".
#68 WARNING(ORCAP-36006): Part Name "INDUCTOR_6.8NH_300MA_0402_L0402_6.8NH" is renamed to "INDUCTOR_6.8NH_300MA_0402_L0402".
#69 WARNING(ORCAP-36006): Part Name "INDUCTOR_9.1NH_300MA_0402_L0402_9.1 NH" is renamed to "INDUCTOR_9.1NH_300MA_0402_L0402".
#70 WARNING(ORCAP-36006): Part Name "INDUCTOR_8.2NH_250MA_0402_L0402_8.2NH" is renamed to "INDUCTOR_8.2NH_250MA_0402_L0402".
#71 WARNING(ORCAP-36006): Part Name "INDUCTOR_100NH_200MA_0603_L0603_100NH" is renamed to "INDUCTOR_100NH_200MA_0603_L0603".
#72 WARNING(ORCAP-36006): Part Name "INDUCTOR_1NH_300MA_0402_L0402_1NH" is renamed to "INDUCTOR_1NH_300MA_0402_L0402_1".
#73 WARNING(ORCAP-36006): Part Name "INDUCTOR_68NH_200MA_0402_L0402_8.2NH" is renamed to "INDUCTOR_68NH_200MA_0402_L0402_".
#74 WARNING(ORCAP-36006): Part Name "FIXED IND 2.2UH 10MA 1.75 OHM_L0805_2.2UH" is renamed to "FIXED IND 2.2UH 10MA 1.75 OHM_L".
#75 WARNING(ORCAP-36006): Part Name "FIXED IND 3.3UH 6A 30 MOHM SMD_INDM6965X300N_3.3UH" is renamed to "FIXED IND 3.3UH 6A 30 MOHM SMD_".
#76 WARNING(ORCAP-36006): Part Name "INDUCTOR_68NH_200MA_0402_L0402_2.2NH" is renamed to "INDUCTOR_68NH_200MA_0402_L040_1".
#77 WARNING(ORCAP-36006): Part Name "MOUNTING_HOLE_0_MTG370X800_MOUNTING_HOLE" is renamed to "MOUNTING_HOLE_0_MTG370X800_MOUN".
#78 WARNING(ORCAP-36006): Part Name "TRANS NPN/PNP 20V 4A/3.5A SOT23_SOT95P280X140-6N_TRANS NPN/PNP 20V 4A/3.5A SOT23" is renamed to "TRANS NPN/PNP 20V 4A/3.5A SOT23".
#79 WARNING(ORCAP-36006): Part Name "MMBTA42_0_SOT95P230X110-3N_PMBT3906" is renamed to "MMBTA42_0_SOT95P230X110-3N_PMBT".
#80 WARNING(ORCAP-36006): Part Name "RES_1.0_OHM_1/16W_0402_SMD_RC0402_0_?" is renamed to "RES_1.0_OHM_1/16W_0402_SMD_RC04".
#81 WARNING(ORCAP-36030): Value of Property "DEVICE" missing from instance R10273: OpenCellular_Connect1, PAGE 38 : 12V_4V_REG_TEST_CONN (80.01, 110.49).
#82 WARNING(ORCAP-36006): Part Name "100K-1/16W-5%-0603_0_SMR0402A_100K_?" is renamed to "100K-1/16W-5%-0603_0_SMR0402A_1".
#83 WARNING(ORCAP-36006): Part Name "RES SMD 49.9 OHM 1% 1/10W 0402_R1210_49.9E" is renamed to "RES SMD 49.9 OHM 1% 1/10W 0402_".
#84 WARNING(ORCAP-36006): Part Name "RES SMD 2K OHM 1% 1/10W 0402_R0402_2K" is renamed to "RES SMD 2K OHM 1% 1/10W 0402_R0".
#85 WARNING(ORCAP-36006): Part Name "RES SMD 0OHM JUMPER 1/16W 0402_R0402_0OHM" is renamed to "RES SMD 0OHM JUMPER 1/16W 0402_".
#86 WARNING(ORCAP-36006): Part Name "RES SMD 10K OHM 5% 1/16W 0402_R0402_10K" is renamed to "RES SMD 10K OHM 5% 1/16W 0402_R".
#87 WARNING(ORCAP-36006): Part Name "RES_0.0_OHM_1/16W_0402_SMD_RC0402_0_?" is renamed to "RES_0.0_OHM_1/16W_0402_SMD_RC04".
#88 WARNING(ORCAP-36030): Value of Property "DEVICE" missing from instance R10921: OpenCellular_Connect1, PAGE 39 : 2G MODULE_1 (85.09, 82.55).
#89 WARNING(ORCAP-36006): Part Name "RES SMD 100K OHM 1% 1/16W 0402_R0402_100K" is renamed to "RES SMD 100K OHM 1% 1/16W 0402_".
#90 WARNING(ORCAP-36006): Part Name "RES SMD 3K OHM 5% 1/16W 0402_R0402_3K" is renamed to "RES SMD 3K OHM 5% 1/16W 0402_R0".
#91 WARNING(ORCAP-36006): Part Name "RES_11.8OHM_0402_63MW_R0402_11.8E" is renamed to "RES_11.8OHM_0402_63MW_R0402_11.".
#92 WARNING(ORCAP-36006): Part Name "RES_1.71K_0402_63MW_R0402_1.72 K" is renamed to "RES_1.71K_0402_63MW_R0402_1.72".
#93 WARNING(ORCAP-36006): Part Name "RES_0.002OHM_2512_2W_RESC6432X55N_0.002E" is renamed to "RES_0.002OHM_2512_2W_RESC6432X5".
#94 WARNING(ORCAP-36006): Part Name "RES_100K_1/16W_5%_0402_SMD_1_R0402_200_?" is renamed to "RES_100K_1/16W_5%_0402_SMD_1_R0".
#95 WARNING(ORCAP-36006): Part Name "RES SMD 887 OHM 1% 1/16W 0402_R0402_887E" is renamed to "RES SMD 887 OHM 1% 1/16W 0402_R".
#96 WARNING(ORCAP-36006): Part Name "RES_100K_1/16W_5%_0402_SMD_0_RC0402_470_?" is renamed to "RES_100K_1/16W_5%_0402_SMD_0_RC".
#97 WARNING(ORCAP-36006): Part Name "RES_41.2K_0402_0.063W_R0402_41.2K" is renamed to "RES_41.2K_0402_0.063W_R0402_41.".
#98 WARNING(ORCAP-36006): Part Name "RES_29.4K_0402_0.063W_R0402_29.4K" is renamed to "RES_29.4K_0402_0.063W_R0402_29.".
#99 WARNING(ORCAP-36006): Part Name "RES SMD 52.3K OHM 1% 1/16W 0402_R0402_52.3K" is renamed to "RES SMD 52.3K OHM 1% 1/16W 0402".
#100 WARNING(ORCAP-36030): Value of Property "DEVICE" missing from instance R405: OpenCellular_Connect1, PAGE 39 : 2G MODULE_1 (95.25, 85.09).
#101 WARNING(ORCAP-36006): Part Name "RES SMD 160 OHM 5% 1/16W 0402_R0402P_160E" is renamed to "RES SMD 160 OHM 5% 1/16W 0402_R".
#102 WARNING(ORCAP-36030): Value of Property "DEVICE" missing from instance R790: OpenCellular_Connect1, PAGE 40 : 2G MODULE_2 (265.43, 73.66).
#103 WARNING(ORCAP-36030): Value of Property "DEVICE" missing from instance R800: OpenCellular_Connect1, PAGE 40 : 2G MODULE_2 (261.62, 127.00).
#104 WARNING(ORCAP-36030): Value of Property "DEVICE" missing from instance R801: OpenCellular_Connect1, PAGE 40 : 2G MODULE_2 (248.92, 127.00).
#105 WARNING(ORCAP-36030): Value of Property "DEVICE" missing from instance R802: OpenCellular_Connect1, PAGE 40 : 2G MODULE_2 (266.70, 186.69).
#106 WARNING(ORCAP-36030): Value of Property "DEVICE" missing from instance R803: OpenCellular_Connect1, PAGE 40 : 2G MODULE_2 (279.40, 186.69).
#107 WARNING(ORCAP-36030): Value of Property "DEVICE" missing from instance R824: OpenCellular_Connect1, PAGE 38 : 12V_4V_REG_TEST_CONN (135.89, 54.61).
#108 WARNING(ORCAP-36006): Part Name "100K-1/16W-5%-0603_0_RC0402_100K_?" is renamed to "100K-1/16W-5%-0603_0_RC0402_100".
#109 WARNING(ORCAP-36006): Part Name "RES_1.0_OHM_1/16W_0402_SMD_RC0402_12K_?" is renamed to "RES_1.0_OHM_1/16W_0402_SMD_RC_1".
#110 WARNING(ORCAP-36006): Part Name "RES_71.5OHM_0402_63MW_R0402_71.5E" is renamed to "RES_71.5OHM_0402_63MW_R0402_71.".
#111 WARNING(ORCAP-36006): Part Name "RES_97.6OHM_0402_63MW_R0402_97.6E" is renamed to "RES_97.6OHM_0402_63MW_R0402_97.".
#112 WARNING(ORCAP-36006): Part Name "TMP_152748_SON40P135X170X55-9N_IP4264CZ8" is renamed to "TMP_152748_SON40P135X170X55-9N_".
#113 WARNING(ORCAP-36006): Part Name "PGA-102+_SOTFL150P409X160-3N_PGA-102+" is renamed to "PGA-102+_SOTFL150P409X160-3N_PG".
#114 WARNING(ORCAP-36006): Part Name "LMV7231_QFN50P400X400X80-25N_LMV7231" is renamed to "LMV7231_QFN50P400X400X80-25N_LM".
#115 WARNING(ORCAP-36006): Part Name "INA226_VSSOP50P490X110-10N_INA226" is renamed to "INA226_VSSOP50P490X110-10N_INA2".
#116 WARNING(ORCAP-36006): Part Name "MGA-30216_QFN50P300X300X90-17N_A_AEE_MGA-30216" is renamed to "MGA-30216_QFN50P300X300X90-17N_".
#117 WARNING(ORCAP-36006): Part Name "MGA-30116_QFN50P300X300X90-17N_A_AEE_MGA-30116" is renamed to "MGA-30116_QFN50P300X300X90-17N_".
#118 WARNING(ORCAP-36006): Part Name "DAT-31R5A-PP+_QFN50P400X400X85-21N_A_DAT-31R5A-PP+" is renamed to "DAT-31R5A-PP+_QFN50P400X400X85-".
#119 WARNING(ORCAP-36006): Part Name "ALM-32220_AVAGO_ALM-32220_ALM-32220" is renamed to "ALM-32220_AVAGO_ALM-32220_ALM-3".
#120 WARNING(ORCAP-36006): Part Name "X3C19F1-03S_SPL_ANAREN_X3C09F1-20S_X3C19F1-03S" is renamed to "X3C19F1-03S_SPL_ANAREN_X3C09F1-".
#121 WARNING(ORCAP-36006): Part Name "X3C19F1-03S_COM_ANAREN_X3C09F1-20S_X3C19F1-03S" is renamed to "X3C19F1-03S_COM_ANAREN_X3C09F1-".
#122 WARNING(ORCAP-36006): Part Name "SN74AVC4T774RGYR_2_VQFN50P400X350X100-17N_TI_SN74AVC4T774RGYR" is renamed to "SN74AVC4T774RGYR_2_VQFN50P400X3".
#123 WARNING(ORCAP-36006): Part Name "ALM-32120_AVAGO_ALM-32220_ALM-32120" is renamed to "ALM-32120_AVAGO_ALM-32220_ALM-3".
#124 WARNING(ORCAP-36006): Part Name "X3C09F1-03S_SPL_ANAREN_X3C09F1-20S_X3C09F1-03S" is renamed to "X3C09F1-03S_SPL_ANAREN_X3C09F1-".
#125 WARNING(ORCAP-36006): Part Name "X3C09F1-03S_COM_ANAREN_X3C09F1-03S_X3C09F1-03S" is renamed to "X3C09F1-03S_COM_ANAREN_X3C09F1-".
#126 WARNING(ORCAP-36006): Part Name "DAT-15R5A-PP+_QFN50P400X400X85-21N_A_AEE_DAT-15R5A-PP+" is renamed to "DAT-15R5A-PP+_QFN50P400X400X85-".
#127 WARNING(ORCAP-36006): Part Name "X3C19F1-20S_ANAREN_X3C09F1-20S_X3C19F1-20S" is renamed to "X3C19F1-20S_ANAREN_X3C09F1-20S_".
#128 WARNING(ORCAP-36006): Part Name "LMH2121_BGA4N40P2X2_106X86X68_LMH2121" is renamed to "LMH2121_BGA4N40P2X2_106X86X68_L".
#129 WARNING(ORCAP-36006): Part Name "X3C09F1-20S_ANAREN_X3C09F1-20S_X3C09F1-20S" is renamed to "X3C09F1-20S_ANAREN_X3C09F1-20S_".
#130 WARNING(ORCAP-36006): Part Name "CAT24C256WI-GT3_SOIC127P600X175-8N_ON-SEMI_CAT24C256WI-GT3 " is renamed to "CAT24C256WI-GT3_SOIC127P600X175".
#131 WARNING(ORCAP-36006): Part Name "SKY13330-397LF_QFN50P200X200X65-13N_AEE_SKY13330-397LF" is renamed to "SKY13330-397LF_QFN50P200X200X65".
#132 WARNING(ORCAP-36006): Part Name "LT8640IUDC_QFN50P300X400X80-20N_LT8640IUDC" is renamed to "LT8640IUDC_QFN50P300X400X80-20N".
#133 WARNING(ORCAP-36006): Part Name "TPS7A8300_0_QFN65P500X500X100-21N_A_TPS7A8300" is renamed to "TPS7A8300_0_QFN65P500X500X100-2".
#134 WARNING(ORCAP-36006): Part Name "ADT7481_SSOP10_5MM_ADT7481-1_D14177-001" is renamed to "ADT7481_SSOP10_5MM_ADT7481-1_D1".
#135 WARNING(ORCAP-36006): Part Name "TPS7A8001_0_SON65P300X300X100-9N_TPS7A8001" is renamed to "TPS7A8001_0_SON65P300X300X100-9".
#136 WARNING(ORCAP-36006): Part Name "ADT7481_SSOP10_5MM_ADT7481_D14177-001" is renamed to "ADT7481_SSOP10_5MM_ADT7481_D141".
#137 WARNING(ORCAP-36006): Part Name "74LVC04AD_INVERTER_SOIC127P600X175-14N_NXP_74LVC04AD,118" is renamed to "74LVC04AD_INVERTER_SOIC127P600X".
#138 WARNING(ORCAP-36006): Part Name "PCA9517A_SSOP8_65MM_3W_PCA9517A_E37094-001" is renamed to "PCA9517A_SSOP8_65MM_3W_PCA9517A".
#139 WARNING(ORCAP-36006): Part Name "G510-Q50-00_7_MODULE_G510S-Q50-00_G510-Q50-00" is renamed to "G510-Q50-00_7_MODULE_G510S-Q50-".
#140 WARNING(ORCAP-36006): Part Name "LT8610EMSE-EMSE16_0_QFN50P300X400X80-20N_LT8640EUDC" is renamed to "LT8610EMSE-EMSE16_0_QFN50P300X4".
#141 WARNING(ORCAP-36006): Part Name "MM8430-2610_SMA_MM8430-2610_MM8430-2610" is renamed to "MM8430-2610_SMA_MM8430-2610_MM8".
#142 WARNING(ORCAP-36006): Part Name "SN74LVC8T245PWG4_TSSOP24_P65_790X450_74AVC8T245PW" is renamed to "SN74LVC8T245PWG4_TSSOP24_P65_79".
#143 WARNING(ORCAP-36006): Part Name "CES40942MDCB000_P1161C_CES40942MDCB000" is renamed to "CES40942MDCB000_P1161C_CES40942".
#144 WARNING(ORCAP-36006): Part Name "CES301G84DCB000_P1125C_CES301G84DCB000" is renamed to "CES301G84DCB000_P1125C_CES301G8".
#145 WARNING(ORCAP-36006): Part Name "SKY67151-396LF_DFN_8P_2X2_80_SKY67151-396LF" is renamed to "SKY67151-396LF_DFN_8P_2X2_80_SK".
#146 WARNING(ORCAP-36006): Part Name "SN74LV08A_TSSOP65P640X120-14N_SN74LV08A" is renamed to "SN74LV08A_TSSOP65P640X120-14N_S".
#147 WARNING(ORCAP-36006): Part Name "NL17SZ126_0_74LVC1G07GV125_74LVC1G07GV,125" is renamed to "NL17SZ126_0_74LVC1G07GV125_74LV".
#148 WARNING(ORCAP-36006): Part Name "AP7165_0_SOIC127P600X150-9N_DI_AP7165" is renamed to "AP7165_0_SOIC127P600X150-9N_DI_".
INFO(ORCAP-36080): Scanning netlist files ...

Loading... D:\OPEN_CELLULAR_LIFE3\RF_SDR_LIFE3\RF_SDR_REVC\Release files\release\New folder\Netlist/pstchip.dat

Loading... D:\OPEN_CELLULAR_LIFE3\RF_SDR_LIFE3\RF_SDR_REVC\Release files\release\New folder\Netlist/pstchip.dat

Loading... D:\OPEN_CELLULAR_LIFE3\RF_SDR_LIFE3\RF_SDR_REVC\Release files\release\New folder\Netlist/pstxprt.dat

Loading... D:\OPEN_CELLULAR_LIFE3\RF_SDR_LIFE3\RF_SDR_REVC\Release files\release\New folder\Netlist/pstxnet.dat
packaging the design view...